==200009== ---Thread-Announcement------------------------------------------
==200009== 
==200009== Thread #6 was created
==200009==    at 0x49AB342: clone (clone.S:71)
==200009==    by 0x48702EB: create_thread (createthread.c:101)
==200009==    by 0x4871E0F: pthread_create@@GLIBC_2.2.5 (pthread_create.c:817)
==200009==    by 0x4842917: ??? (in /usr/lib/x86_64-linux-gnu/valgrind/vgpreload_helgrind-amd64-linux.so)
==200009==    by 0x401B7D: create_threads (main.c:78)
==200009==    by 0x401C7D: main (main.c:99)
==200009== 
==200009== ---Thread-Announcement------------------------------------------
==200009== 
==200009== Thread #5 was created
==200009==    at 0x49AB342: clone (clone.S:71)
==200009==    by 0x48702EB: create_thread (createthread.c:101)
==200009==    by 0x4871E0F: pthread_create@@GLIBC_2.2.5 (pthread_create.c:817)
==200009==    by 0x4842917: ??? (in /usr/lib/x86_64-linux-gnu/valgrind/vgpreload_helgrind-amd64-linux.so)
==200009==    by 0x401B48: create_threads (main.c:74)
==200009==    by 0x401C7D: main (main.c:99)
==200009== 
==200009== ---Thread-Announcement------------------------------------------
==200009== 
==200009== Thread #1 is the program's root thread
==200009== 
==200009== ----------------------------------------------------------------
==200009== 
==200009== Possible data race during read of size 8 at 0x4A81258 by thread #6
==200009== Locks held: none
==200009==    at 0x401E73: monitor (monitor.c:50)
==200009==    by 0x4842B1A: ??? (in /usr/lib/x86_64-linux-gnu/valgrind/vgpreload_helgrind-amd64-linux.so)
==200009==    by 0x4871608: start_thread (pthread_create.c:477)
==200009==    by 0x49AB352: clone (clone.S:95)
==200009== 
==200009== This conflicts with a previous write of size 8 by thread #5
==200009== Locks held: none
==200009==    at 0x401CC1: dinner (dinner.c:20)
==200009==    by 0x4842B1A: ??? (in /usr/lib/x86_64-linux-gnu/valgrind/vgpreload_helgrind-amd64-linux.so)
==200009==    by 0x4871608: start_thread (pthread_create.c:477)
==200009==    by 0x49AB352: clone (clone.S:95)
==200009==  Address 0x4a81258 is 56 bytes inside a block of size 96 alloc'd
==200009==    at 0x483C893: malloc (in /usr/lib/x86_64-linux-gnu/valgrind/vgpreload_helgrind-amd64-linux.so)
==200009==    by 0x401744: new_philo (init_philo.c:34)
==200009==    by 0x4018D7: init_philos (init_philo.c:75)
==200009==    by 0x401C62: main (main.c:96)
==200009==  Block was alloc'd by thread #1
==200009== 
==200009== ---Thread-Announcement------------------------------------------
==200009== 
==200009== Thread #4 was created
==200009==    at 0x49AB342: clone (clone.S:71)
==200009==    by 0x48702EB: create_thread (createthread.c:101)
==200009==    by 0x4871E0F: pthread_create@@GLIBC_2.2.5 (pthread_create.c:817)
==200009==    by 0x4842917: ??? (in /usr/lib/x86_64-linux-gnu/valgrind/vgpreload_helgrind-amd64-linux.so)
==200009==    by 0x401B48: create_threads (main.c:74)
==200009==    by 0x401C7D: main (main.c:99)
==200009== 
==200009== ---Thread-Announcement------------------------------------------
==200009== 
==200009== Thread #2 was created
==200009==    at 0x49AB342: clone (clone.S:71)
==200009==    by 0x48702EB: create_thread (createthread.c:101)
==200009==    by 0x4871E0F: pthread_create@@GLIBC_2.2.5 (pthread_create.c:817)
==200009==    by 0x4842917: ??? (in /usr/lib/x86_64-linux-gnu/valgrind/vgpreload_helgrind-amd64-linux.so)
==200009==    by 0x401B48: create_threads (main.c:74)
==200009==    by 0x401C7D: main (main.c:99)
==200009== 
==200009== ----------------------------------------------------------------
==200009== 
==200009== Thread #4 unlocked lock at 0x4A81050 currently held by thread #2
==200009==    at 0x48403F6: ??? (in /usr/lib/x86_64-linux-gnu/valgrind/vgpreload_helgrind-amd64-linux.so)
==200009==    by 0x401D88: unlock_forks (monitor.c:22)
==200009==    by 0x401DF5: imdead (monitor.c:34)
==200009==    by 0x401604: eating (routine.c:46)
==200009==    by 0x4014F8: take_fork (routine.c:85)
==200009==    by 0x401CEE: dinner (dinner.c:23)
==200009==    by 0x4842B1A: ??? (in /usr/lib/x86_64-linux-gnu/valgrind/vgpreload_helgrind-amd64-linux.so)
==200009==    by 0x4871608: start_thread (pthread_create.c:477)
==200009==    by 0x49AB352: clone (clone.S:95)
==200009==  Lock at 0x4A81050 was first observed
==200009==    at 0x4843D9D: pthread_mutex_init (in /usr/lib/x86_64-linux-gnu/valgrind/vgpreload_helgrind-amd64-linux.so)
==200009==    by 0x4017E5: init_all_mutex (init_philo.c:53)
==200009==    by 0x401C67: main (main.c:97)
==200009==  Address 0x4a81050 is 16 bytes inside a block of size 96 alloc'd
==200009==    at 0x483C893: malloc (in /usr/lib/x86_64-linux-gnu/valgrind/vgpreload_helgrind-amd64-linux.so)
==200009==    by 0x401744: new_philo (init_philo.c:34)
==200009==    by 0x4018D7: init_philos (init_philo.c:75)
==200009==    by 0x401C62: main (main.c:96)
==200009==  Block was alloc'd by thread #1
==200009== 
==200009== 
==200009== ---Thread-Announcement------------------------------------------
==200009== 
==200009== Thread #3 was created
==200009==    at 0x49AB342: clone (clone.S:71)
==200009==    by 0x48702EB: create_thread (createthread.c:101)
==200009==    by 0x4871E0F: pthread_create@@GLIBC_2.2.5 (pthread_create.c:817)
==200009==    by 0x4842917: ??? (in /usr/lib/x86_64-linux-gnu/valgrind/vgpreload_helgrind-amd64-linux.so)
==200009==    by 0x401B48: create_threads (main.c:74)
==200009==    by 0x401C7D: main (main.c:99)
==200009== 
==200009== ----------------------------------------------------------------
==200009== 
==200009== Thread #3 unlocked lock at 0x4A810F0 currently held by thread #2
==200009==    at 0x48403F6: ??? (in /usr/lib/x86_64-linux-gnu/valgrind/vgpreload_helgrind-amd64-linux.so)
==200009==    by 0x401D88: unlock_forks (monitor.c:22)
==200009==    by 0x401DF5: imdead (monitor.c:34)
==200009==    by 0x4013EC: take_fork (routine.c:66)
==200009==    by 0x401CEE: dinner (dinner.c:23)
==200009==    by 0x4842B1A: ??? (in /usr/lib/x86_64-linux-gnu/valgrind/vgpreload_helgrind-amd64-linux.so)
==200009==    by 0x4871608: start_thread (pthread_create.c:477)
==200009==    by 0x49AB352: clone (clone.S:95)
==200009==  Lock at 0x4A810F0 was first observed
==200009==    at 0x4843D9D: pthread_mutex_init (in /usr/lib/x86_64-linux-gnu/valgrind/vgpreload_helgrind-amd64-linux.so)
==200009==    by 0x4017E5: init_all_mutex (init_philo.c:53)
==200009==    by 0x401C67: main (main.c:97)
==200009==  Address 0x4a810f0 is 16 bytes inside a block of size 96 alloc'd
==200009==    at 0x483C893: malloc (in /usr/lib/x86_64-linux-gnu/valgrind/vgpreload_helgrind-amd64-linux.so)
==200009==    by 0x401744: new_philo (init_philo.c:34)
==200009==    by 0x4018D7: init_philos (init_philo.c:75)
==200009==    by 0x401C62: main (main.c:96)
==200009==  Block was alloc'd by thread #1
==200009== 
==200009== 
==200009== ----------------------------------------------------------------
==200009== 
==200009== Thread #3 unlocked a not-locked lock at 0x4A81230
==200009==    at 0x48403F6: ??? (in /usr/lib/x86_64-linux-gnu/valgrind/vgpreload_helgrind-amd64-linux.so)
==200009==    by 0x401D88: unlock_forks (monitor.c:22)
==200009==    by 0x401DF5: imdead (monitor.c:34)
==200009==    by 0x4013EC: take_fork (routine.c:66)
==200009==    by 0x401CEE: dinner (dinner.c:23)
==200009==    by 0x4842B1A: ??? (in /usr/lib/x86_64-linux-gnu/valgrind/vgpreload_helgrind-amd64-linux.so)
==200009==    by 0x4871608: start_thread (pthread_create.c:477)
==200009==    by 0x49AB352: clone (clone.S:95)
==200009==  Lock at 0x4A81230 was first observed
==200009==    at 0x4843D9D: pthread_mutex_init (in /usr/lib/x86_64-linux-gnu/valgrind/vgpreload_helgrind-amd64-linux.so)
==200009==    by 0x4017E5: init_all_mutex (init_philo.c:53)
==200009==    by 0x401C67: main (main.c:97)
==200009==  Address 0x4a81230 is 16 bytes inside a block of size 96 alloc'd
==200009==    at 0x483C893: malloc (in /usr/lib/x86_64-linux-gnu/valgrind/vgpreload_helgrind-amd64-linux.so)
==200009==    by 0x401744: new_philo (init_philo.c:34)
==200009==    by 0x4018D7: init_philos (init_philo.c:75)
==200009==    by 0x401C62: main (main.c:96)
==200009==  Block was alloc'd by thread #1
==200009== 
==200009== 
==200009== ----------------------------------------------------------------
==200009== 
==200009== Thread #3 unlocked lock at 0x4A81050 currently held by thread #2
==200009==    at 0x48403F6: ??? (in /usr/lib/x86_64-linux-gnu/valgrind/vgpreload_helgrind-amd64-linux.so)
==200009==    by 0x401D88: unlock_forks (monitor.c:22)
==200009==    by 0x401DF5: imdead (monitor.c:34)
==200009==    by 0x4013EC: take_fork (routine.c:66)
==200009==    by 0x401CEE: dinner (dinner.c:23)
==200009==    by 0x4842B1A: ??? (in /usr/lib/x86_64-linux-gnu/valgrind/vgpreload_helgrind-amd64-linux.so)
==200009==    by 0x4871608: start_thread (pthread_create.c:477)
==200009==    by 0x49AB352: clone (clone.S:95)
==200009==  Lock at 0x4A81050 was first observed
==200009==    at 0x4843D9D: pthread_mutex_init (in /usr/lib/x86_64-linux-gnu/valgrind/vgpreload_helgrind-amd64-linux.so)
==200009==    by 0x4017E5: init_all_mutex (init_philo.c:53)
==200009==    by 0x401C67: main (main.c:97)
==200009==  Address 0x4a81050 is 16 bytes inside a block of size 96 alloc'd
==200009==    at 0x483C893: malloc (in /usr/lib/x86_64-linux-gnu/valgrind/vgpreload_helgrind-amd64-linux.so)
==200009==    by 0x401744: new_philo (init_philo.c:34)
==200009==    by 0x4018D7: init_philos (init_philo.c:75)
==200009==    by 0x401C62: main (main.c:96)
==200009==  Block was alloc'd by thread #1
==200009== 
==200009== 
==200009== ----------------------------------------------------------------
==200009== 
==200009== Thread #5: Bug in libpthread: write lock granted on mutex/rwlock which is currently wr-held by a different thread
==200009==    at 0x483FEDF: ??? (in /usr/lib/x86_64-linux-gnu/valgrind/vgpreload_helgrind-amd64-linux.so)
==200009==    by 0x4013E3: take_fork (routine.c:65)
==200009==    by 0x401CEE: dinner (dinner.c:23)
==200009==    by 0x4842B1A: ??? (in /usr/lib/x86_64-linux-gnu/valgrind/vgpreload_helgrind-amd64-linux.so)
==200009==    by 0x4871608: start_thread (pthread_create.c:477)
==200009==    by 0x49AB352: clone (clone.S:95)
==200009== 
==200009== ----------------------------------------------------------------
==200009== 
==200009== Thread #5 unlocked a not-locked lock at 0x4A81230
==200009==    at 0x48403F6: ??? (in /usr/lib/x86_64-linux-gnu/valgrind/vgpreload_helgrind-amd64-linux.so)
==200009==    by 0x401D88: unlock_forks (monitor.c:22)
==200009==    by 0x401DF5: imdead (monitor.c:34)
==200009==    by 0x4013EC: take_fork (routine.c:66)
==200009==    by 0x401CEE: dinner (dinner.c:23)
==200009==    by 0x4842B1A: ??? (in /usr/lib/x86_64-linux-gnu/valgrind/vgpreload_helgrind-amd64-linux.so)
==200009==    by 0x4871608: start_thread (pthread_create.c:477)
==200009==    by 0x49AB352: clone (clone.S:95)
==200009==  Lock at 0x4A81230 was first observed
==200009==    at 0x4843D9D: pthread_mutex_init (in /usr/lib/x86_64-linux-gnu/valgrind/vgpreload_helgrind-amd64-linux.so)
==200009==    by 0x4017E5: init_all_mutex (init_philo.c:53)
==200009==    by 0x401C67: main (main.c:97)
==200009==  Address 0x4a81230 is 16 bytes inside a block of size 96 alloc'd
==200009==    at 0x483C893: malloc (in /usr/lib/x86_64-linux-gnu/valgrind/vgpreload_helgrind-amd64-linux.so)
==200009==    by 0x401744: new_philo (init_philo.c:34)
==200009==    by 0x4018D7: init_philos (init_philo.c:75)
==200009==    by 0x401C62: main (main.c:96)
==200009==  Block was alloc'd by thread #1
==200009== 
==200009== 
==200009== ----------------------------------------------------------------
==200009== 
==200009== Thread #5 unlocked lock at 0x4A81050 currently held by thread #2
==200009==    at 0x48403F6: ??? (in /usr/lib/x86_64-linux-gnu/valgrind/vgpreload_helgrind-amd64-linux.so)
==200009==    by 0x401D88: unlock_forks (monitor.c:22)
==200009==    by 0x401DF5: imdead (monitor.c:34)
==200009==    by 0x4013EC: take_fork (routine.c:66)
==200009==    by 0x401CEE: dinner (dinner.c:23)
==200009==    by 0x4842B1A: ??? (in /usr/lib/x86_64-linux-gnu/valgrind/vgpreload_helgrind-amd64-linux.so)
==200009==    by 0x4871608: start_thread (pthread_create.c:477)
==200009==    by 0x49AB352: clone (clone.S:95)
==200009==  Lock at 0x4A81050 was first observed
==200009==    at 0x4843D9D: pthread_mutex_init (in /usr/lib/x86_64-linux-gnu/valgrind/vgpreload_helgrind-amd64-linux.so)
==200009==    by 0x4017E5: init_all_mutex (init_philo.c:53)
==200009==    by 0x401C67: main (main.c:97)
==200009==  Address 0x4a81050 is 16 bytes inside a block of size 96 alloc'd
==200009==    at 0x483C893: malloc (in /usr/lib/x86_64-linux-gnu/valgrind/vgpreload_helgrind-amd64-linux.so)
==200009==    by 0x401744: new_philo (init_philo.c:34)
==200009==    by 0x4018D7: init_philos (init_philo.c:75)
==200009==    by 0x401C62: main (main.c:96)
==200009==  Block was alloc'd by thread #1
==200009== 
==200009== 
==200009== ----------------------------------------------------------------
==200009== 
==200009== Thread #4 unlocked lock at 0x4A810F0 currently held by thread #2
==200009==    at 0x48403F6: ??? (in /usr/lib/x86_64-linux-gnu/valgrind/vgpreload_helgrind-amd64-linux.so)
==200009==    by 0x401D88: unlock_forks (monitor.c:22)
==200009==    by 0x401DF5: imdead (monitor.c:34)
==200009==    by 0x401604: eating (routine.c:46)
==200009==    by 0x4014F8: take_fork (routine.c:85)
==200009==    by 0x401CEE: dinner (dinner.c:23)
==200009==    by 0x4842B1A: ??? (in /usr/lib/x86_64-linux-gnu/valgrind/vgpreload_helgrind-amd64-linux.so)
==200009==    by 0x4871608: start_thread (pthread_create.c:477)
==200009==    by 0x49AB352: clone (clone.S:95)
==200009==  Lock at 0x4A810F0 was first observed
==200009==    at 0x4843D9D: pthread_mutex_init (in /usr/lib/x86_64-linux-gnu/valgrind/vgpreload_helgrind-amd64-linux.so)
==200009==    by 0x4017E5: init_all_mutex (init_philo.c:53)
==200009==    by 0x401C67: main (main.c:97)
==200009==  Address 0x4a810f0 is 16 bytes inside a block of size 96 alloc'd
==200009==    at 0x483C893: malloc (in /usr/lib/x86_64-linux-gnu/valgrind/vgpreload_helgrind-amd64-linux.so)
==200009==    by 0x401744: new_philo (init_philo.c:34)
==200009==    by 0x4018D7: init_philos (init_philo.c:75)
==200009==    by 0x401C62: main (main.c:96)
==200009==  Block was alloc'd by thread #1
==200009== 
==200009== 
==200009== ----------------------------------------------------------------
==200009== 
==200009== Thread #5 unlocked lock at 0x4A810F0 currently held by thread #2
==200009==    at 0x48403F6: ??? (in /usr/lib/x86_64-linux-gnu/valgrind/vgpreload_helgrind-amd64-linux.so)
==200009==    by 0x401D88: unlock_forks (monitor.c:22)
==200009==    by 0x401DF5: imdead (monitor.c:34)
==200009==    by 0x4013EC: take_fork (routine.c:66)
==200009==    by 0x401CEE: dinner (dinner.c:23)
==200009==    by 0x4842B1A: ??? (in /usr/lib/x86_64-linux-gnu/valgrind/vgpreload_helgrind-amd64-linux.so)
==200009==    by 0x4871608: start_thread (pthread_create.c:477)
==200009==    by 0x49AB352: clone (clone.S:95)
==200009==  Lock at 0x4A810F0 was first observed
==200009==    at 0x4843D9D: pthread_mutex_init (in /usr/lib/x86_64-linux-gnu/valgrind/vgpreload_helgrind-amd64-linux.so)
==200009==    by 0x4017E5: init_all_mutex (init_philo.c:53)
==200009==    by 0x401C67: main (main.c:97)
==200009==  Address 0x4a810f0 is 16 bytes inside a block of size 96 alloc'd
==200009==    at 0x483C893: malloc (in /usr/lib/x86_64-linux-gnu/valgrind/vgpreload_helgrind-amd64-linux.so)
==200009==    by 0x401744: new_philo (init_philo.c:34)
==200009==    by 0x4018D7: init_philos (init_philo.c:75)
==200009==    by 0x401C62: main (main.c:96)
==200009==  Block was alloc'd by thread #1
==200009== 
==200009== 
==200009== ----------------------------------------------------------------
==200009== 
==200009== Thread #5 unlocked a not-locked lock at 0x4A81190
==200009==    at 0x48403F6: ??? (in /usr/lib/x86_64-linux-gnu/valgrind/vgpreload_helgrind-amd64-linux.so)
==200009==    by 0x401D88: unlock_forks (monitor.c:22)
==200009==    by 0x401DF5: imdead (monitor.c:34)
==200009==    by 0x4013EC: take_fork (routine.c:66)
==200009==    by 0x401CEE: dinner (dinner.c:23)
==200009==    by 0x4842B1A: ??? (in /usr/lib/x86_64-linux-gnu/valgrind/vgpreload_helgrind-amd64-linux.so)
==200009==    by 0x4871608: start_thread (pthread_create.c:477)
==200009==    by 0x49AB352: clone (clone.S:95)
==200009==  Lock at 0x4A81190 was first observed
==200009==    at 0x4843D9D: pthread_mutex_init (in /usr/lib/x86_64-linux-gnu/valgrind/vgpreload_helgrind-amd64-linux.so)
==200009==    by 0x4017E5: init_all_mutex (init_philo.c:53)
==200009==    by 0x401C67: main (main.c:97)
==200009==  Address 0x4a81190 is 16 bytes inside a block of size 96 alloc'd
==200009==    at 0x483C893: malloc (in /usr/lib/x86_64-linux-gnu/valgrind/vgpreload_helgrind-amd64-linux.so)
==200009==    by 0x401744: new_philo (init_philo.c:34)
==200009==    by 0x4018D7: init_philos (init_philo.c:75)
==200009==    by 0x401C62: main (main.c:96)
==200009==  Block was alloc'd by thread #1
==200009== 
==200009== 
==200009== ----------------------------------------------------------------
==200009== 
==200009== Thread #2 unlocked a not-locked lock at 0x4A81190
==200009==    at 0x48403F6: ??? (in /usr/lib/x86_64-linux-gnu/valgrind/vgpreload_helgrind-amd64-linux.so)
==200009==    by 0x401D88: unlock_forks (monitor.c:22)
==200009==    by 0x401DF5: imdead (monitor.c:34)
==200009==    by 0x401604: eating (routine.c:46)
==200009==    by 0x4014F8: take_fork (routine.c:85)
==200009==    by 0x401CEE: dinner (dinner.c:23)
==200009==    by 0x4842B1A: ??? (in /usr/lib/x86_64-linux-gnu/valgrind/vgpreload_helgrind-amd64-linux.so)
==200009==    by 0x4871608: start_thread (pthread_create.c:477)
==200009==    by 0x49AB352: clone (clone.S:95)
==200009==  Lock at 0x4A81190 was first observed
==200009==    at 0x4843D9D: pthread_mutex_init (in /usr/lib/x86_64-linux-gnu/valgrind/vgpreload_helgrind-amd64-linux.so)
==200009==    by 0x4017E5: init_all_mutex (init_philo.c:53)
==200009==    by 0x401C67: main (main.c:97)
==200009==  Address 0x4a81190 is 16 bytes inside a block of size 96 alloc'd
==200009==    at 0x483C893: malloc (in /usr/lib/x86_64-linux-gnu/valgrind/vgpreload_helgrind-amd64-linux.so)
==200009==    by 0x401744: new_philo (init_philo.c:34)
==200009==    by 0x4018D7: init_philos (init_philo.c:75)
==200009==    by 0x401C62: main (main.c:96)
==200009==  Block was alloc'd by thread #1
==200009== 
==200009== 
==200009== ----------------------------------------------------------------
==200009== 
==200009== Thread #2 unlocked a not-locked lock at 0x4A81230
==200009==    at 0x48403F6: ??? (in /usr/lib/x86_64-linux-gnu/valgrind/vgpreload_helgrind-amd64-linux.so)
==200009==    by 0x401D88: unlock_forks (monitor.c:22)
==200009==    by 0x401DF5: imdead (monitor.c:34)
==200009==    by 0x401604: eating (routine.c:46)
==200009==    by 0x4014F8: take_fork (routine.c:85)
==200009==    by 0x401CEE: dinner (dinner.c:23)
==200009==    by 0x4842B1A: ??? (in /usr/lib/x86_64-linux-gnu/valgrind/vgpreload_helgrind-amd64-linux.so)
==200009==    by 0x4871608: start_thread (pthread_create.c:477)
==200009==    by 0x49AB352: clone (clone.S:95)
==200009==  Lock at 0x4A81230 was first observed
==200009==    at 0x4843D9D: pthread_mutex_init (in /usr/lib/x86_64-linux-gnu/valgrind/vgpreload_helgrind-amd64-linux.so)
==200009==    by 0x4017E5: init_all_mutex (init_philo.c:53)
==200009==    by 0x401C67: main (main.c:97)
==200009==  Address 0x4a81230 is 16 bytes inside a block of size 96 alloc'd
==200009==    at 0x483C893: malloc (in /usr/lib/x86_64-linux-gnu/valgrind/vgpreload_helgrind-amd64-linux.so)
==200009==    by 0x401744: new_philo (init_philo.c:34)
==200009==    by 0x4018D7: init_philos (init_philo.c:75)
==200009==    by 0x401C62: main (main.c:96)
==200009==  Block was alloc'd by thread #1
==200009== 
==200009== 
==200009== ----------------------------------------------------------------
==200009== 
==200009== Thread #1's call to pthread_mutex_destroy failed
==200009==    with error code 16 (EBUSY: Device or resource busy)
==200009==    at 0x483FD60: ??? (in /usr/lib/x86_64-linux-gnu/valgrind/vgpreload_helgrind-amd64-linux.so)
==200009==    by 0x401951: destroy_mutexes (main.c:24)
==200009==    by 0x401C82: main (main.c:100)
==200009== 
==200009== ERROR SUMMARY: 443 errors from 14 contexts (suppressed: 214676 from 133)
==200009== 
==200009== 1 errors in context 1 of 14:
==200009== ----------------------------------------------------------------
==200009== 
==200009== Thread #2 unlocked a not-locked lock at 0x4A81230
==200009==    at 0x48403F6: ??? (in /usr/lib/x86_64-linux-gnu/valgrind/vgpreload_helgrind-amd64-linux.so)
==200009==    by 0x401D88: unlock_forks (monitor.c:22)
==200009==    by 0x401DF5: imdead (monitor.c:34)
==200009==    by 0x401604: eating (routine.c:46)
==200009==    by 0x4014F8: take_fork (routine.c:85)
==200009==    by 0x401CEE: dinner (dinner.c:23)
==200009==    by 0x4842B1A: ??? (in /usr/lib/x86_64-linux-gnu/valgrind/vgpreload_helgrind-amd64-linux.so)
==200009==    by 0x4871608: start_thread (pthread_create.c:477)
==200009==    by 0x49AB352: clone (clone.S:95)
==200009==  Lock at 0x4A81230 was first observed
==200009==    at 0x4843D9D: pthread_mutex_init (in /usr/lib/x86_64-linux-gnu/valgrind/vgpreload_helgrind-amd64-linux.so)
==200009==    by 0x4017E5: init_all_mutex (init_philo.c:53)
==200009==    by 0x401C67: main (main.c:97)
==200009==  Address 0x4a81230 is 496 bytes inside an unallocated block of size 912 in arena "client"
==200009== 
==200009== 
==200009== 
==200009== 1 errors in context 2 of 14:
==200009== ----------------------------------------------------------------
==200009== 
==200009== Thread #2 unlocked a not-locked lock at 0x4A81190
==200009==    at 0x48403F6: ??? (in /usr/lib/x86_64-linux-gnu/valgrind/vgpreload_helgrind-amd64-linux.so)
==200009==    by 0x401D88: unlock_forks (monitor.c:22)
==200009==    by 0x401DF5: imdead (monitor.c:34)
==200009==    by 0x401604: eating (routine.c:46)
==200009==    by 0x4014F8: take_fork (routine.c:85)
==200009==    by 0x401CEE: dinner (dinner.c:23)
==200009==    by 0x4842B1A: ??? (in /usr/lib/x86_64-linux-gnu/valgrind/vgpreload_helgrind-amd64-linux.so)
==200009==    by 0x4871608: start_thread (pthread_create.c:477)
==200009==    by 0x49AB352: clone (clone.S:95)
==200009==  Lock at 0x4A81190 was first observed
==200009==    at 0x4843D9D: pthread_mutex_init (in /usr/lib/x86_64-linux-gnu/valgrind/vgpreload_helgrind-amd64-linux.so)
==200009==    by 0x4017E5: init_all_mutex (init_philo.c:53)
==200009==    by 0x401C67: main (main.c:97)
==200009==  Address 0x4a81190 is 336 bytes inside an unallocated block of size 912 in arena "client"
==200009== 
==200009== 
==200009== 
==200009== 1 errors in context 3 of 14:
==200009== ----------------------------------------------------------------
==200009== 
==200009== Thread #5 unlocked a not-locked lock at 0x4A81190
==200009==    at 0x48403F6: ??? (in /usr/lib/x86_64-linux-gnu/valgrind/vgpreload_helgrind-amd64-linux.so)
==200009==    by 0x401D88: unlock_forks (monitor.c:22)
==200009==    by 0x401DF5: imdead (monitor.c:34)
==200009==    by 0x4013EC: take_fork (routine.c:66)
==200009==    by 0x401CEE: dinner (dinner.c:23)
==200009==    by 0x4842B1A: ??? (in /usr/lib/x86_64-linux-gnu/valgrind/vgpreload_helgrind-amd64-linux.so)
==200009==    by 0x4871608: start_thread (pthread_create.c:477)
==200009==    by 0x49AB352: clone (clone.S:95)
==200009==  Lock at 0x4A81190 was first observed
==200009==    at 0x4843D9D: pthread_mutex_init (in /usr/lib/x86_64-linux-gnu/valgrind/vgpreload_helgrind-amd64-linux.so)
==200009==    by 0x4017E5: init_all_mutex (init_philo.c:53)
==200009==    by 0x401C67: main (main.c:97)
==200009==  Address 0x4a81190 is 336 bytes inside an unallocated block of size 912 in arena "client"
==200009== 
==200009== 
==200009== 
==200009== 1 errors in context 4 of 14:
==200009== ----------------------------------------------------------------
==200009== 
==200009== Thread #5 unlocked lock at 0x4A810F0 currently held by thread #2
==200009==    at 0x48403F6: ??? (in /usr/lib/x86_64-linux-gnu/valgrind/vgpreload_helgrind-amd64-linux.so)
==200009==    by 0x401D88: unlock_forks (monitor.c:22)
==200009==    by 0x401DF5: imdead (monitor.c:34)
==200009==    by 0x4013EC: take_fork (routine.c:66)
==200009==    by 0x401CEE: dinner (dinner.c:23)
==200009==    by 0x4842B1A: ??? (in /usr/lib/x86_64-linux-gnu/valgrind/vgpreload_helgrind-amd64-linux.so)
==200009==    by 0x4871608: start_thread (pthread_create.c:477)
==200009==    by 0x49AB352: clone (clone.S:95)
==200009==  Lock at 0x4A810F0 was first observed
==200009==    at 0x4843D9D: pthread_mutex_init (in /usr/lib/x86_64-linux-gnu/valgrind/vgpreload_helgrind-amd64-linux.so)
==200009==    by 0x4017E5: init_all_mutex (init_philo.c:53)
==200009==    by 0x401C67: main (main.c:97)
==200009==  Address 0x4a810f0 is 176 bytes inside an unallocated block of size 912 in arena "client"
==200009== 
==200009== 
==200009== 
==200009== 1 errors in context 5 of 14:
==200009== ----------------------------------------------------------------
==200009== 
==200009== Thread #4 unlocked lock at 0x4A810F0 currently held by thread #2
==200009==    at 0x48403F6: ??? (in /usr/lib/x86_64-linux-gnu/valgrind/vgpreload_helgrind-amd64-linux.so)
==200009==    by 0x401D88: unlock_forks (monitor.c:22)
==200009==    by 0x401DF5: imdead (monitor.c:34)
==200009==    by 0x401604: eating (routine.c:46)
==200009==    by 0x4014F8: take_fork (routine.c:85)
==200009==    by 0x401CEE: dinner (dinner.c:23)
==200009==    by 0x4842B1A: ??? (in /usr/lib/x86_64-linux-gnu/valgrind/vgpreload_helgrind-amd64-linux.so)
==200009==    by 0x4871608: start_thread (pthread_create.c:477)
==200009==    by 0x49AB352: clone (clone.S:95)
==200009==  Lock at 0x4A810F0 was first observed
==200009==    at 0x4843D9D: pthread_mutex_init (in /usr/lib/x86_64-linux-gnu/valgrind/vgpreload_helgrind-amd64-linux.so)
==200009==    by 0x4017E5: init_all_mutex (init_philo.c:53)
==200009==    by 0x401C67: main (main.c:97)
==200009==  Address 0x4a810f0 is 176 bytes inside an unallocated block of size 912 in arena "client"
==200009== 
==200009== 
==200009== 
==200009== 1 errors in context 6 of 14:
==200009== ----------------------------------------------------------------
==200009== 
==200009== Thread #5 unlocked lock at 0x4A81050 currently held by thread #2
==200009==    at 0x48403F6: ??? (in /usr/lib/x86_64-linux-gnu/valgrind/vgpreload_helgrind-amd64-linux.so)
==200009==    by 0x401D88: unlock_forks (monitor.c:22)
==200009==    by 0x401DF5: imdead (monitor.c:34)
==200009==    by 0x4013EC: take_fork (routine.c:66)
==200009==    by 0x401CEE: dinner (dinner.c:23)
==200009==    by 0x4842B1A: ??? (in /usr/lib/x86_64-linux-gnu/valgrind/vgpreload_helgrind-amd64-linux.so)
==200009==    by 0x4871608: start_thread (pthread_create.c:477)
==200009==    by 0x49AB352: clone (clone.S:95)
==200009==  Lock at 0x4A81050 was first observed
==200009==    at 0x4843D9D: pthread_mutex_init (in /usr/lib/x86_64-linux-gnu/valgrind/vgpreload_helgrind-amd64-linux.so)
==200009==    by 0x4017E5: init_all_mutex (init_philo.c:53)
==200009==    by 0x401C67: main (main.c:97)
==200009==  Address 0x4a81050 is 16 bytes inside an unallocated block of size 912 in arena "client"
==200009== 
==200009== 
==200009== 
==200009== 1 errors in context 7 of 14:
==200009== ----------------------------------------------------------------
==200009== 
==200009== Thread #5 unlocked a not-locked lock at 0x4A81230
==200009==    at 0x48403F6: ??? (in /usr/lib/x86_64-linux-gnu/valgrind/vgpreload_helgrind-amd64-linux.so)
==200009==    by 0x401D88: unlock_forks (monitor.c:22)
==200009==    by 0x401DF5: imdead (monitor.c:34)
==200009==    by 0x4013EC: take_fork (routine.c:66)
==200009==    by 0x401CEE: dinner (dinner.c:23)
==200009==    by 0x4842B1A: ??? (in /usr/lib/x86_64-linux-gnu/valgrind/vgpreload_helgrind-amd64-linux.so)
==200009==    by 0x4871608: start_thread (pthread_create.c:477)
==200009==    by 0x49AB352: clone (clone.S:95)
==200009==  Lock at 0x4A81230 was first observed
==200009==    at 0x4843D9D: pthread_mutex_init (in /usr/lib/x86_64-linux-gnu/valgrind/vgpreload_helgrind-amd64-linux.so)
==200009==    by 0x4017E5: init_all_mutex (init_philo.c:53)
==200009==    by 0x401C67: main (main.c:97)
==200009==  Address 0x4a81230 is 496 bytes inside an unallocated block of size 912 in arena "client"
==200009== 
==200009== 
==200009== 
==200009== 1 errors in context 8 of 14:
==200009== ----------------------------------------------------------------
==200009== 
==200009== Thread #5: Bug in libpthread: write lock granted on mutex/rwlock which is currently wr-held by a different thread
==200009==    at 0x483FEDF: ??? (in /usr/lib/x86_64-linux-gnu/valgrind/vgpreload_helgrind-amd64-linux.so)
==200009==    by 0x4013E3: take_fork (routine.c:65)
==200009==    by 0x401CEE: dinner (dinner.c:23)
==200009==    by 0x4842B1A: ??? (in /usr/lib/x86_64-linux-gnu/valgrind/vgpreload_helgrind-amd64-linux.so)
==200009==    by 0x4871608: start_thread (pthread_create.c:477)
==200009==    by 0x49AB352: clone (clone.S:95)
==200009== 
==200009== 
==200009== 1 errors in context 9 of 14:
==200009== ----------------------------------------------------------------
==200009== 
==200009== Thread #3 unlocked lock at 0x4A81050 currently held by thread #2
==200009==    at 0x48403F6: ??? (in /usr/lib/x86_64-linux-gnu/valgrind/vgpreload_helgrind-amd64-linux.so)
==200009==    by 0x401D88: unlock_forks (monitor.c:22)
==200009==    by 0x401DF5: imdead (monitor.c:34)
==200009==    by 0x4013EC: take_fork (routine.c:66)
==200009==    by 0x401CEE: dinner (dinner.c:23)
==200009==    by 0x4842B1A: ??? (in /usr/lib/x86_64-linux-gnu/valgrind/vgpreload_helgrind-amd64-linux.so)
==200009==    by 0x4871608: start_thread (pthread_create.c:477)
==200009==    by 0x49AB352: clone (clone.S:95)
==200009==  Lock at 0x4A81050 was first observed
==200009==    at 0x4843D9D: pthread_mutex_init (in /usr/lib/x86_64-linux-gnu/valgrind/vgpreload_helgrind-amd64-linux.so)
==200009==    by 0x4017E5: init_all_mutex (init_philo.c:53)
==200009==    by 0x401C67: main (main.c:97)
==200009==  Address 0x4a81050 is 16 bytes inside an unallocated block of size 912 in arena "client"
==200009== 
==200009== 
==200009== 
==200009== 1 errors in context 10 of 14:
==200009== ----------------------------------------------------------------
==200009== 
==200009== Thread #3 unlocked a not-locked lock at 0x4A81230
==200009==    at 0x48403F6: ??? (in /usr/lib/x86_64-linux-gnu/valgrind/vgpreload_helgrind-amd64-linux.so)
==200009==    by 0x401D88: unlock_forks (monitor.c:22)
==200009==    by 0x401DF5: imdead (monitor.c:34)
==200009==    by 0x4013EC: take_fork (routine.c:66)
==200009==    by 0x401CEE: dinner (dinner.c:23)
==200009==    by 0x4842B1A: ??? (in /usr/lib/x86_64-linux-gnu/valgrind/vgpreload_helgrind-amd64-linux.so)
==200009==    by 0x4871608: start_thread (pthread_create.c:477)
==200009==    by 0x49AB352: clone (clone.S:95)
==200009==  Lock at 0x4A81230 was first observed
==200009==    at 0x4843D9D: pthread_mutex_init (in /usr/lib/x86_64-linux-gnu/valgrind/vgpreload_helgrind-amd64-linux.so)
==200009==    by 0x4017E5: init_all_mutex (init_philo.c:53)
==200009==    by 0x401C67: main (main.c:97)
==200009==  Address 0x4a81230 is 496 bytes inside an unallocated block of size 912 in arena "client"
==200009== 
==200009== 
==200009== 
==200009== 1 errors in context 11 of 14:
==200009== ----------------------------------------------------------------
==200009== 
==200009== Thread #3 unlocked lock at 0x4A810F0 currently held by thread #2
==200009==    at 0x48403F6: ??? (in /usr/lib/x86_64-linux-gnu/valgrind/vgpreload_helgrind-amd64-linux.so)
==200009==    by 0x401D88: unlock_forks (monitor.c:22)
==200009==    by 0x401DF5: imdead (monitor.c:34)
==200009==    by 0x4013EC: take_fork (routine.c:66)
==200009==    by 0x401CEE: dinner (dinner.c:23)
==200009==    by 0x4842B1A: ??? (in /usr/lib/x86_64-linux-gnu/valgrind/vgpreload_helgrind-amd64-linux.so)
==200009==    by 0x4871608: start_thread (pthread_create.c:477)
==200009==    by 0x49AB352: clone (clone.S:95)
==200009==  Lock at 0x4A810F0 was first observed
==200009==    at 0x4843D9D: pthread_mutex_init (in /usr/lib/x86_64-linux-gnu/valgrind/vgpreload_helgrind-amd64-linux.so)
==200009==    by 0x4017E5: init_all_mutex (init_philo.c:53)
==200009==    by 0x401C67: main (main.c:97)
==200009==  Address 0x4a810f0 is 176 bytes inside an unallocated block of size 912 in arena "client"
==200009== 
==200009== 
==200009== 
==200009== 1 errors in context 12 of 14:
==200009== ----------------------------------------------------------------
==200009== 
==200009== Thread #4 unlocked lock at 0x4A81050 currently held by thread #2
==200009==    at 0x48403F6: ??? (in /usr/lib/x86_64-linux-gnu/valgrind/vgpreload_helgrind-amd64-linux.so)
==200009==    by 0x401D88: unlock_forks (monitor.c:22)
==200009==    by 0x401DF5: imdead (monitor.c:34)
==200009==    by 0x401604: eating (routine.c:46)
==200009==    by 0x4014F8: take_fork (routine.c:85)
==200009==    by 0x401CEE: dinner (dinner.c:23)
==200009==    by 0x4842B1A: ??? (in /usr/lib/x86_64-linux-gnu/valgrind/vgpreload_helgrind-amd64-linux.so)
==200009==    by 0x4871608: start_thread (pthread_create.c:477)
==200009==    by 0x49AB352: clone (clone.S:95)
==200009==  Lock at 0x4A81050 was first observed
==200009==    at 0x4843D9D: pthread_mutex_init (in /usr/lib/x86_64-linux-gnu/valgrind/vgpreload_helgrind-amd64-linux.so)
==200009==    by 0x4017E5: init_all_mutex (init_philo.c:53)
==200009==    by 0x401C67: main (main.c:97)
==200009==  Address 0x4a81050 is 16 bytes inside an unallocated block of size 912 in arena "client"
==200009== 
==200009== 
==200009== 
==200009== 4 errors in context 13 of 14:
==200009== ----------------------------------------------------------------
==200009== 
==200009== Thread #1's call to pthread_mutex_destroy failed
==200009==    with error code 16 (EBUSY: Device or resource busy)
==200009==    at 0x483FD60: ??? (in /usr/lib/x86_64-linux-gnu/valgrind/vgpreload_helgrind-amd64-linux.so)
==200009==    by 0x401951: destroy_mutexes (main.c:24)
==200009==    by 0x401C82: main (main.c:100)
==200009== 
==200009== 
==200009== 427 errors in context 14 of 14:
==200009== ----------------------------------------------------------------
==200009== 
==200009== Possible data race during read of size 8 at 0x4A81258 by thread #6
==200009== Locks held: none
==200009==    at 0x401E73: monitor (monitor.c:50)
==200009==    by 0x4842B1A: ??? (in /usr/lib/x86_64-linux-gnu/valgrind/vgpreload_helgrind-amd64-linux.so)
==200009==    by 0x4871608: start_thread (pthread_create.c:477)
==200009==    by 0x49AB352: clone (clone.S:95)
==200009== 
==200009== This conflicts with a previous write of size 8 by thread #5
==200009== Locks held: none
==200009==    at 0x401CC1: dinner (dinner.c:20)
==200009==    by 0x4842B1A: ??? (in /usr/lib/x86_64-linux-gnu/valgrind/vgpreload_helgrind-amd64-linux.so)
==200009==    by 0x4871608: start_thread (pthread_create.c:477)
==200009==    by 0x49AB352: clone (clone.S:95)
==200009==  Address 0x4a81258 is 56 bytes inside a block of size 96 alloc'd
==200009==    at 0x483C893: malloc (in /usr/lib/x86_64-linux-gnu/valgrind/vgpreload_helgrind-amd64-linux.so)
==200009==    by 0x401744: new_philo (init_philo.c:34)
==200009==    by 0x4018D7: init_philos (init_philo.c:75)
==200009==    by 0x401C62: main (main.c:96)
==200009==  Block was alloc'd by thread #1
==200009== 
--200009-- 
--200009-- used_suppression: 214676 helgrind-glibc2X-005 /usr/lib/x86_64-linux-gnu/valgrind/default.supp:963
==200009== 
==200009== ERROR SUMMARY: 443 errors from 14 contexts (suppressed: 214676 from 133)
