==64777== FILE DESCRIPTORS: 8 open (3 std) at exit.
==64777== Open file descriptor 103: /usr/share/code/v8_context_snapshot.bin
==64777==    <inherited from parent>
==64777== 
==64777== Open AF_UNIX socket 39: <unknown>
==64777==    <inherited from parent>
==64777== 
==64777== Open file descriptor 38: /usr/share/code/resources/app/node_modules.asar
==64777==    <inherited from parent>
==64777== 
==64777== Open file descriptor 37: /home/zeenyt/.config/Code/logs/20240315T085246/ptyhost.log
==64777==    <inherited from parent>
==64777== 
==64777== Open file descriptor 3: /home/zeenyt/projetos/Level_2/42_philosophers/temp/valgrind.log
==64777==    <inherited from parent>
==64777== 
==64777== 
==64777== 416 bytes in 4 blocks are still reachable in loss record 1 of 1
==64777==    at 0x4840808: malloc (in /usr/libexec/valgrind/vgpreload_memcheck-amd64-linux.so)
==64777==    by 0x109489: new_philo (in /home/zeenyt/projetos/Level_2/42_philosophers/philo)
==64777==    by 0x109546: init_philos (in /home/zeenyt/projetos/Level_2/42_philosophers/philo)
==64777==    by 0x109947: main (in /home/zeenyt/projetos/Level_2/42_philosophers/philo)
==64777== 
==64777== ERROR SUMMARY: 0 errors from 0 contexts (suppressed: 0 from 0)
